# JRE version: OpenJDK Runtime Environment (8.0_202-b03) (build 1.8.0_202-release-1483-b03)
# Java VM: OpenJDK 64-Bit Server VM (25.202-b03 mixed mode windows-amd64 compressed oops)
Heap:
 PSYoungGen      total 144384K, used 69604K [0x00000000f5580000, 0x0000000100000000, 0x0000000100000000)
  eden space 122368K, 38% used [0x00000000f5580000,0x00000000f83fbba0,0x00000000fcd00000)
  from space 22016K, 99% used [0x00000000fea80000,0x00000000ffffd4c0,0x0000000100000000)
  to   space 26112K, 0% used [0x00000000fcd00000,0x00000000fcd00000,0x00000000fe680000)
 ParOldGen       total 204800K, used 40665K [0x00000000e0000000, 0x00000000ec800000, 0x00000000f5580000)
  object space 204800K, 19% used [0x00000000e0000000,0x00000000e27b6678,0x00000000ec800000)
 Metaspace       used 67040K, capacity 71486K, committed 71720K, reserved 1110016K
  class space    used 9415K, capacity 10439K, committed 10544K, reserved 1048576K
GC Heap History (10 events):
Event: 17.008 GC heap before
{Heap before GC invocations=11 (full 2):
 PSYoungGen      total 160768K, used 159189K [0x00000000f5580000, 0x0000000100000000, 0x0000000100000000)
  eden space 147968K, 100% used [0x00000000f5580000,0x00000000fe600000,0x00000000fe600000)
  from space 12800K, 87% used [0x00000000ff380000,0x00000000ffe75730,0x0000000100000000)
  to   space 13312K, 0% used [0x00000000fe600000,0x00000000fe600000,0x00000000ff300000)
 ParOldGen       total 175104K, used 17094K [0x00000000e0000000, 0x00000000eab00000, 0x00000000f5580000)
  object space 175104K, 9% used [0x00000000e0000000,0x00000000e10b1bf0,0x00000000eab00000)
 Metaspace       used 51894K, capacity 54516K, committed 54696K, reserved 1095680K
  class space    used 7010K, capacity 7597K, committed 7600K, reserved 1048576K
Event: 17.030 GC heap after
Heap after GC invocations=11 (full 2):
 PSYoungGen      total 161280K, used 13307K [0x00000000f5580000, 0x0000000100000000, 0x0000000100000000)
  eden space 147968K, 0% used [0x00000000f5580000,0x00000000f5580000,0x00000000fe600000)
  from space 13312K, 99% used [0x00000000fe600000,0x00000000ff2fecf0,0x00000000ff300000)
  to   space 13312K, 0% used [0x00000000ff300000,0x00000000ff300000,0x0000000100000000)
 ParOldGen       total 175104K, used 26432K [0x00000000e0000000, 0x00000000eab00000, 0x00000000f5580000)
  object space 175104K, 15% used [0x00000000e0000000,0x00000000e19d0208,0x00000000eab00000)
 Metaspace       used 51894K, capacity 54516K, committed 54696K, reserved 1095680K
  class space    used 7010K, capacity 7597K, committed 7600K, reserved 1048576K
}
Event: 21.151 GC heap before
{Heap before GC invocations=12 (full 2):
 PSYoungGen      total 161280K, used 69855K [0x00000000f5580000, 0x0000000100000000, 0x0000000100000000)
  eden space 147968K, 38% used [0x00000000f5580000,0x00000000f8cb90e0,0x00000000fe600000)
  from space 13312K, 99% used [0x00000000fe600000,0x00000000ff2fecf0,0x00000000ff300000)
  to   space 13312K, 0% used [0x00000000ff300000,0x00000000ff300000,0x0000000100000000)
 ParOldGen       total 175104K, used 26432K [0x00000000e0000000, 0x00000000eab00000, 0x00000000f5580000)
  object space 175104K, 15% used [0x00000000e0000000,0x00000000e19d0208,0x00000000eab00000)
 Metaspace       used 56107K, capacity 59096K, committed 59160K, reserved 1099776K
  class space    used 7697K, capacity 8362K, committed 8368K, reserved 1048576K
Event: 21.170 GC heap after
Heap after GC invocations=12 (full 2):
 PSYoungGen      total 145920K, used 13291K [0x00000000f5580000, 0x0000000100000000, 0x0000000100000000)
  eden space 132608K, 0% used [0x00000000f5580000,0x00000000f5580000,0x00000000fd700000)
  from space 13312K, 99% used [0x00000000ff300000,0x00000000ffffaf40,0x0000000100000000)
  to   space 20992K, 0% used [0x00000000fd700000,0x00000000fd700000,0x00000000feb80000)
 ParOldGen       total 175104K, used 32908K [0x00000000e0000000, 0x00000000eab00000, 0x00000000f5580000)
  object space 175104K, 18% used [0x00000000e0000000,0x00000000e2023058,0x00000000eab00000)
 Metaspace       used 56107K, capacity 59096K, committed 59160K, reserved 1099776K
  class space    used 7697K, capacity 8362K, committed 8368K, reserved 1048576K
}
Event: 21.170 GC heap before
{Heap before GC invocations=13 (full 3):
 PSYoungGen      total 145920K, used 13291K [0x00000000f5580000, 0x0000000100000000, 0x0000000100000000)
  eden space 132608K, 0% used [0x00000000f5580000,0x00000000f5580000,0x00000000fd700000)
  from space 13312K, 99% used [0x00000000ff300000,0x00000000ffffaf40,0x0000000100000000)
  to   space 20992K, 0% used [0x00000000fd700000,0x00000000fd700000,0x00000000feb80000)
 ParOldGen       total 175104K, used 32908K [0x00000000e0000000, 0x00000000eab00000, 0x00000000f5580000)
  object space 175104K, 18% used [0x00000000e0000000,0x00000000e2023058,0x00000000eab00000)
 Metaspace       used 56107K, capacity 59096K, committed 59160K, reserved 1099776K
  class space    used 7697K, capacity 8362K, committed 8368K, reserved 1048576K
Event: 21.606 GC heap after
Heap after GC invocations=13 (full 3):
 PSYoungGen      total 145920K, used 0K [0x00000000f5580000, 0x0000000100000000, 0x0000000100000000)
  eden space 132608K, 0% used [0x00000000f5580000,0x00000000f5580000,0x00000000fd700000)
  from space 13312K, 0% used [0x00000000ff300000,0x00000000ff300000,0x0000000100000000)
  to   space 20992K, 0% used [0x00000000fd700000,0x00000000fd700000,0x00000000feb80000)
 ParOldGen       total 204800K, used 37033K [0x00000000e0000000, 0x00000000ec800000, 0x00000000f5580000)
  object space 204800K, 18% used [0x00000000e0000000,0x00000000e242a770,0x00000000ec800000)
 Metaspace       used 56039K, capacity 58868K, committed 59160K, reserved 1099776K
  class space    used 7677K, capacity 8324K, committed 8368K, reserved 1048576K
}
Event: 24.386 GC heap before
{Heap before GC invocations=14 (full 3):
 PSYoungGen      total 145920K, used 132608K [0x00000000f5580000, 0x0000000100000000, 0x0000000100000000)
  eden space 132608K, 100% used [0x00000000f5580000,0x00000000fd700000,0x00000000fd700000)
  from space 13312K, 0% used [0x00000000ff300000,0x00000000ff300000,0x0000000100000000)
  to   space 20992K, 0% used [0x00000000fd700000,0x00000000fd700000,0x00000000feb80000)
 ParOldGen       total 204800K, used 37033K [0x00000000e0000000, 0x00000000ec800000, 0x00000000f5580000)
  object space 204800K, 18% used [0x00000000e0000000,0x00000000e242a770,0x00000000ec800000)
 Metaspace       used 61250K, capacity 64716K, committed 64936K, reserved 1105920K
  class space    used 8534K, capacity 9341K, committed 9392K, reserved 1048576K
Event: 24.397 GC heap after
Heap after GC invocations=14 (full 3):
 PSYoungGen      total 149504K, used 16523K [0x00000000f5580000, 0x0000000100000000, 0x0000000100000000)
  eden space 132608K, 0% used [0x00000000f5580000,0x00000000f5580000,0x00000000fd700000)
  from space 16896K, 97% used [0x00000000fd700000,0x00000000fe722c30,0x00000000fe780000)
  to   space 22016K, 0% used [0x00000000fea80000,0x00000000fea80000,0x0000000100000000)
 ParOldGen       total 204800K, used 37041K [0x00000000e0000000, 0x00000000ec800000, 0x00000000f5580000)
  object space 204800K, 18% used [0x00000000e0000000,0x00000000e242c770,0x00000000ec800000)
 Metaspace       used 61250K, capacity 64716K, committed 64936K, reserved 1105920K
  class space    used 8534K, capacity 9341K, committed 9392K, reserved 1048576K
}
Event: 26.200 GC heap before
{Heap before GC invocations=15 (full 3):
 PSYoungGen      total 149504K, used 149131K [0x00000000f5580000, 0x0000000100000000, 0x0000000100000000)
  eden space 132608K, 100% used [0x00000000f5580000,0x00000000fd700000,0x00000000fd700000)
  from space 16896K, 97% used [0x00000000fd700000,0x00000000fe722c30,0x00000000fe780000)
  to   space 22016K, 0% used [0x00000000fea80000,0x00000000fea80000,0x0000000100000000)
 ParOldGen       total 204800K, used 37041K [0x00000000e0000000, 0x00000000ec800000, 0x00000000f5580000)
  object space 204800K, 18% used [0x00000000e0000000,0x00000000e242c770,0x00000000ec800000)
 Metaspace       used 66006K, capacity 70118K, committed 70184K, reserved 1110016K
  class space    used 9274K, capacity 10241K, committed 10288K, reserved 1048576K
Event: 26.221 GC heap after
Heap after GC invocations=15 (full 3):
 PSYoungGen      total 144384K, used 22005K [0x00000000f5580000, 0x0000000100000000, 0x0000000100000000)
  eden space 122368K, 0% used [0x00000000f5580000,0x00000000f5580000,0x00000000fcd00000)
  from space 22016K, 99% used [0x00000000fea80000,0x00000000ffffd4c0,0x0000000100000000)
  to   space 26112K, 0% used [0x00000000fcd00000,0x00000000fcd00000,0x00000000fe680000)
 ParOldGen       total 204800K, used 40665K [0x00000000e0000000, 0x00000000ec800000, 0x00000000f5580000)
  object space 204800K, 19% used [0x00000000e0000000,0x00000000e27b6678,0x00000000ec800000)
 Metaspace       used 66006K, capacity 70118K, committed 70184K, reserved 1110016K
  class space    used 9274K, capacity 10241K, committed 10288K, reserved 1048576K
}

